cl : Command line warning D9002: ignoring unknown option '/FP:strict'
  MyPinTool.cpp
c:\program files\windows kits\10\include\10.0.17763.0\shared\ntstatus.h(66): warning C4005: 'STATUS_WAIT_0': macro redefinition
  c:\program files\windows kits\10\include\10.0.17763.0\um\winnt.h(2450): note: see previous definition of 'STATUS_WAIT_0'
c:\program files\windows kits\10\include\10.0.17763.0\shared\ntstatus.h(220): warning C4005: 'STATUS_ABANDONED_WAIT_0': macro redefinition
  c:\program files\windows kits\10\include\10.0.17763.0\um\winnt.h(2451): note: see previous definition of 'STATUS_ABANDONED_WAIT_0'
c:\program files\windows kits\10\include\10.0.17763.0\shared\ntstatus.h(243): warning C4005: 'STATUS_USER_APC': macro redefinition
  c:\program files\windows kits\10\include\10.0.17763.0\um\winnt.h(2452): note: see previous definition of 'STATUS_USER_APC'
c:\program files\windows kits\10\include\10.0.17763.0\shared\ntstatus.h(279): warning C4005: 'STATUS_TIMEOUT': macro redefinition
  c:\program files\windows kits\10\include\10.0.17763.0\um\winnt.h(2453): note: see previous definition of 'STATUS_TIMEOUT'
c:\program files\windows kits\10\include\10.0.17763.0\shared\ntstatus.h(288): warning C4005: 'STATUS_PENDING': macro redefinition
  c:\program files\windows kits\10\include\10.0.17763.0\um\winnt.h(2454): note: see previous definition of 'STATUS_PENDING'
c:\program files\windows kits\10\include\10.0.17763.0\shared\ntstatus.h(735): warning C4005: 'DBG_EXCEPTION_HANDLED': macro redefinition
  c:\program files\windows kits\10\include\10.0.17763.0\um\winnt.h(2455): note: see previous definition of 'DBG_EXCEPTION_HANDLED'
c:\program files\windows kits\10\include\10.0.17763.0\shared\ntstatus.h(744): warning C4005: 'DBG_CONTINUE': macro redefinition
  c:\program files\windows kits\10\include\10.0.17763.0\um\winnt.h(2456): note: see previous definition of 'DBG_CONTINUE'
c:\program files\windows kits\10\include\10.0.17763.0\shared\ntstatus.h(819): warning C4005: 'STATUS_SEGMENT_NOTIFICATION': macro redefinition
  c:\program files\windows kits\10\include\10.0.17763.0\um\winnt.h(2457): note: see previous definition of 'STATUS_SEGMENT_NOTIFICATION'
c:\program files\windows kits\10\include\10.0.17763.0\shared\ntstatus.h(982): warning C4005: 'STATUS_FATAL_APP_EXIT': macro redefinition
  c:\program files\windows kits\10\include\10.0.17763.0\um\winnt.h(2458): note: see previous definition of 'STATUS_FATAL_APP_EXIT'
c:\program files\windows kits\10\include\10.0.17763.0\shared\ntstatus.h(1302): warning C4005: 'DBG_REPLY_LATER': macro redefinition
  c:\program files\windows kits\10\include\10.0.17763.0\um\winnt.h(2459): note: see previous definition of 'DBG_REPLY_LATER'
c:\program files\windows kits\10\include\10.0.17763.0\shared\ntstatus.h(1320): warning C4005: 'DBG_TERMINATE_THREAD': macro redefinition
  c:\program files\windows kits\10\include\10.0.17763.0\um\winnt.h(2460): note: see previous definition of 'DBG_TERMINATE_THREAD'
c:\program files\windows kits\10\include\10.0.17763.0\shared\ntstatus.h(1329): warning C4005: 'DBG_TERMINATE_PROCESS': macro redefinition
  c:\program files\windows kits\10\include\10.0.17763.0\um\winnt.h(2461): note: see previous definition of 'DBG_TERMINATE_PROCESS'
c:\program files\windows kits\10\include\10.0.17763.0\shared\ntstatus.h(1338): warning C4005: 'DBG_CONTROL_C': macro redefinition
  c:\program files\windows kits\10\include\10.0.17763.0\um\winnt.h(2462): note: see previous definition of 'DBG_CONTROL_C'
c:\program files\windows kits\10\include\10.0.17763.0\shared\ntstatus.h(1347): warning C4005: 'DBG_PRINTEXCEPTION_C': macro redefinition
  c:\program files\windows kits\10\include\10.0.17763.0\um\winnt.h(2463): note: see previous definition of 'DBG_PRINTEXCEPTION_C'
c:\program files\windows kits\10\include\10.0.17763.0\shared\ntstatus.h(1356): warning C4005: 'DBG_RIPEXCEPTION': macro redefinition
  c:\program files\windows kits\10\include\10.0.17763.0\um\winnt.h(2464): note: see previous definition of 'DBG_RIPEXCEPTION'
c:\program files\windows kits\10\include\10.0.17763.0\shared\ntstatus.h(1365): warning C4005: 'DBG_CONTROL_BREAK': macro redefinition
  c:\program files\windows kits\10\include\10.0.17763.0\um\winnt.h(2465): note: see previous definition of 'DBG_CONTROL_BREAK'
c:\program files\windows kits\10\include\10.0.17763.0\shared\ntstatus.h(1374): warning C4005: 'DBG_COMMAND_EXCEPTION': macro redefinition
  c:\program files\windows kits\10\include\10.0.17763.0\um\winnt.h(2466): note: see previous definition of 'DBG_COMMAND_EXCEPTION'
c:\program files\windows kits\10\include\10.0.17763.0\shared\ntstatus.h(1383): warning C4005: 'DBG_PRINTEXCEPTION_WIDE_C': macro redefinition
  c:\program files\windows kits\10\include\10.0.17763.0\um\winnt.h(2467): note: see previous definition of 'DBG_PRINTEXCEPTION_WIDE_C'
c:\program files\windows kits\10\include\10.0.17763.0\shared\ntstatus.h(1415): warning C4005: 'STATUS_GUARD_PAGE_VIOLATION': macro redefinition
  c:\program files\windows kits\10\include\10.0.17763.0\um\winnt.h(2468): note: see previous definition of 'STATUS_GUARD_PAGE_VIOLATION'
c:\program files\windows kits\10\include\10.0.17763.0\shared\ntstatus.h(1426): warning C4005: 'STATUS_DATATYPE_MISALIGNMENT': macro redefinition
  c:\program files\windows kits\10\include\10.0.17763.0\um\winnt.h(2469): note: see previous definition of 'STATUS_DATATYPE_MISALIGNMENT'
c:\program files\windows kits\10\include\10.0.17763.0\shared\ntstatus.h(1437): warning C4005: 'STATUS_BREAKPOINT': macro redefinition
  c:\program files\windows kits\10\include\10.0.17763.0\um\winnt.h(2470): note: see previous definition of 'STATUS_BREAKPOINT'
c:\program files\windows kits\10\include\10.0.17763.0\shared\ntstatus.h(1448): warning C4005: 'STATUS_SINGLE_STEP': macro redefinition
  c:\program files\windows kits\10\include\10.0.17763.0\um\winnt.h(2471): note: see previous definition of 'STATUS_SINGLE_STEP'
c:\program files\windows kits\10\include\10.0.17763.0\shared\ntstatus.h(1751): warning C4005: 'STATUS_LONGJUMP': macro redefinition
  c:\program files\windows kits\10\include\10.0.17763.0\um\winnt.h(2472): note: see previous definition of 'STATUS_LONGJUMP'
c:\program files\windows kits\10\include\10.0.17763.0\shared\ntstatus.h(1778): warning C4005: 'STATUS_UNWIND_CONSOLIDATE': macro redefinition
  c:\program files\windows kits\10\include\10.0.17763.0\um\winnt.h(2473): note: see previous definition of 'STATUS_UNWIND_CONSOLIDATE'
c:\program files\windows kits\10\include\10.0.17763.0\shared\ntstatus.h(1873): warning C4005: 'DBG_EXCEPTION_NOT_HANDLED': macro redefinition
  c:\program files\windows kits\10\include\10.0.17763.0\um\winnt.h(2474): note: see previous definition of 'DBG_EXCEPTION_NOT_HANDLED'
c:\program files\windows kits\10\include\10.0.17763.0\shared\ntstatus.h(2019): warning C4005: 'STATUS_ACCESS_VIOLATION': macro redefinition
  c:\program files\windows kits\10\include\10.0.17763.0\um\winnt.h(2475): note: see previous definition of 'STATUS_ACCESS_VIOLATION'
c:\program files\windows kits\10\include\10.0.17763.0\shared\ntstatus.h(2028): warning C4005: 'STATUS_IN_PAGE_ERROR': macro redefinition
  c:\program files\windows kits\10\include\10.0.17763.0\um\winnt.h(2476): note: see previous definition of 'STATUS_IN_PAGE_ERROR'
c:\program files\windows kits\10\include\10.0.17763.0\shared\ntstatus.h(2046): warning C4005: 'STATUS_INVALID_HANDLE': macro redefinition
  c:\program files\windows kits\10\include\10.0.17763.0\um\winnt.h(2477): note: see previous definition of 'STATUS_INVALID_HANDLE'
c:\program files\windows kits\10\include\10.0.17763.0\shared\ntstatus.h(2091): warning C4005: 'STATUS_INVALID_PARAMETER': macro redefinition
  c:\program files\windows kits\10\include\10.0.17763.0\um\winnt.h(2478): note: see previous definition of 'STATUS_INVALID_PARAMETER'
c:\program files\windows kits\10\include\10.0.17763.0\shared\ntstatus.h(2191): warning C4005: 'STATUS_NO_MEMORY': macro redefinition
  c:\program files\windows kits\10\include\10.0.17763.0\um\winnt.h(2479): note: see previous definition of 'STATUS_NO_MEMORY'
c:\program files\windows kits\10\include\10.0.17763.0\shared\ntstatus.h(2248): warning C4005: 'STATUS_ILLEGAL_INSTRUCTION': macro redefinition
  c:\program files\windows kits\10\include\10.0.17763.0\um\winnt.h(2480): note: see previous definition of 'STATUS_ILLEGAL_INSTRUCTION'
c:\program files\windows kits\10\include\10.0.17763.0\shared\ntstatus.h(2329): warning C4005: 'STATUS_NONCONTINUABLE_EXCEPTION': macro redefinition
  c:\program files\windows kits\10\include\10.0.17763.0\um\winnt.h(2481): note: see previous definition of 'STATUS_NONCONTINUABLE_EXCEPTION'
c:\program files\windows kits\10\include\10.0.17763.0\shared\ntstatus.h(2338): warning C4005: 'STATUS_INVALID_DISPOSITION': macro redefinition
  c:\program files\windows kits\10\include\10.0.17763.0\um\winnt.h(2482): note: see previous definition of 'STATUS_INVALID_DISPOSITION'
c:\program files\windows kits\10\include\10.0.17763.0\shared\ntstatus.h(3271): warning C4005: 'STATUS_ARRAY_BOUNDS_EXCEEDED': macro redefinition
  c:\program files\windows kits\10\include\10.0.17763.0\um\winnt.h(2483): note: see previous definition of 'STATUS_ARRAY_BOUNDS_EXCEEDED'
c:\program files\windows kits\10\include\10.0.17763.0\shared\ntstatus.h(3281): warning C4005: 'STATUS_FLOAT_DENORMAL_OPERAND': macro redefinition
  c:\program files\windows kits\10\include\10.0.17763.0\um\winnt.h(2484): note: see previous definition of 'STATUS_FLOAT_DENORMAL_OPERAND'
c:\program files\windows kits\10\include\10.0.17763.0\shared\ntstatus.h(3291): warning C4005: 'STATUS_FLOAT_DIVIDE_BY_ZERO': macro redefinition
  c:\program files\windows kits\10\include\10.0.17763.0\um\winnt.h(2485): note: see previous definition of 'STATUS_FLOAT_DIVIDE_BY_ZERO'
c:\program files\windows kits\10\include\10.0.17763.0\shared\ntstatus.h(3301): warning C4005: 'STATUS_FLOAT_INEXACT_RESULT': macro redefinition
  c:\program files\windows kits\10\include\10.0.17763.0\um\winnt.h(2486): note: see previous definition of 'STATUS_FLOAT_INEXACT_RESULT'
c:\program files\windows kits\10\include\10.0.17763.0\shared\ntstatus.h(3311): warning C4005: 'STATUS_FLOAT_INVALID_OPERATION': macro redefinition
  c:\program files\windows kits\10\include\10.0.17763.0\um\winnt.h(2487): note: see previous definition of 'STATUS_FLOAT_INVALID_OPERATION'
c:\program files\windows kits\10\include\10.0.17763.0\shared\ntstatus.h(3321): warning C4005: 'STATUS_FLOAT_OVERFLOW': macro redefinition
  c:\program files\windows kits\10\include\10.0.17763.0\um\winnt.h(2488): note: see previous definition of 'STATUS_FLOAT_OVERFLOW'
c:\program files\windows kits\10\include\10.0.17763.0\shared\ntstatus.h(3331): warning C4005: 'STATUS_FLOAT_STACK_CHECK': macro redefinition
  c:\program files\windows kits\10\include\10.0.17763.0\um\winnt.h(2489): note: see previous definition of 'STATUS_FLOAT_STACK_CHECK'
c:\program files\windows kits\10\include\10.0.17763.0\shared\ntstatus.h(3341): warning C4005: 'STATUS_FLOAT_UNDERFLOW': macro redefinition
  c:\program files\windows kits\10\include\10.0.17763.0\um\winnt.h(2490): note: see previous definition of 'STATUS_FLOAT_UNDERFLOW'
c:\program files\windows kits\10\include\10.0.17763.0\shared\ntstatus.h(3351): warning C4005: 'STATUS_INTEGER_DIVIDE_BY_ZERO': macro redefinition
  c:\program files\windows kits\10\include\10.0.17763.0\um\winnt.h(2491): note: see previous definition of 'STATUS_INTEGER_DIVIDE_BY_ZERO'
c:\program files\windows kits\10\include\10.0.17763.0\shared\ntstatus.h(3361): warning C4005: 'STATUS_INTEGER_OVERFLOW': macro redefinition
  c:\program files\windows kits\10\include\10.0.17763.0\um\winnt.h(2492): note: see previous definition of 'STATUS_INTEGER_OVERFLOW'
c:\program files\windows kits\10\include\10.0.17763.0\shared\ntstatus.h(3371): warning C4005: 'STATUS_PRIVILEGED_INSTRUCTION': macro redefinition
  c:\program files\windows kits\10\include\10.0.17763.0\um\winnt.h(2493): note: see previous definition of 'STATUS_PRIVILEGED_INSTRUCTION'
c:\program files\windows kits\10\include\10.0.17763.0\shared\ntstatus.h(4317): warning C4005: 'STATUS_STACK_OVERFLOW': macro redefinition
  c:\program files\windows kits\10\include\10.0.17763.0\um\winnt.h(2494): note: see previous definition of 'STATUS_STACK_OVERFLOW'
c:\program files\windows kits\10\include\10.0.17763.0\shared\ntstatus.h(4834): warning C4005: 'STATUS_DLL_NOT_FOUND': macro redefinition
  c:\program files\windows kits\10\include\10.0.17763.0\um\winnt.h(2495): note: see previous definition of 'STATUS_DLL_NOT_FOUND'
c:\program files\windows kits\10\include\10.0.17763.0\shared\ntstatus.h(4863): warning C4005: 'STATUS_ORDINAL_NOT_FOUND': macro redefinition
  c:\program files\windows kits\10\include\10.0.17763.0\um\winnt.h(2496): note: see previous definition of 'STATUS_ORDINAL_NOT_FOUND'
c:\program files\windows kits\10\include\10.0.17763.0\shared\ntstatus.h(4873): warning C4005: 'STATUS_ENTRYPOINT_NOT_FOUND': macro redefinition
  c:\program files\windows kits\10\include\10.0.17763.0\um\winnt.h(2497): note: see previous definition of 'STATUS_ENTRYPOINT_NOT_FOUND'
c:\program files\windows kits\10\include\10.0.17763.0\shared\ntstatus.h(4883): warning C4005: 'STATUS_CONTROL_C_EXIT': macro redefinition
  c:\program files\windows kits\10\include\10.0.17763.0\um\winnt.h(2498): note: see previous definition of 'STATUS_CONTROL_C_EXIT'
c:\program files\windows kits\10\include\10.0.17763.0\shared\ntstatus.h(4961): warning C4005: 'STATUS_DLL_INIT_FAILED': macro redefinition
  c:\program files\windows kits\10\include\10.0.17763.0\um\winnt.h(2499): note: see previous definition of 'STATUS_DLL_INIT_FAILED'
c:\program files\windows kits\10\include\10.0.17763.0\shared\ntstatus.h(7498): warning C4005: 'STATUS_FLOAT_MULTIPLE_FAULTS': macro redefinition
  c:\program files\windows kits\10\include\10.0.17763.0\um\winnt.h(2500): note: see previous definition of 'STATUS_FLOAT_MULTIPLE_FAULTS'
c:\program files\windows kits\10\include\10.0.17763.0\shared\ntstatus.h(7508): warning C4005: 'STATUS_FLOAT_MULTIPLE_TRAPS': macro redefinition
  c:\program files\windows kits\10\include\10.0.17763.0\um\winnt.h(2501): note: see previous definition of 'STATUS_FLOAT_MULTIPLE_TRAPS'
c:\program files\windows kits\10\include\10.0.17763.0\shared\ntstatus.h(7640): warning C4005: 'STATUS_REG_NAT_CONSUMPTION': macro redefinition
  c:\program files\windows kits\10\include\10.0.17763.0\um\winnt.h(2502): note: see previous definition of 'STATUS_REG_NAT_CONSUMPTION'
c:\program files\windows kits\10\include\10.0.17763.0\shared\ntstatus.h(8623): warning C4005: 'STATUS_HEAP_CORRUPTION': macro redefinition
  c:\program files\windows kits\10\include\10.0.17763.0\um\winnt.h(2503): note: see previous definition of 'STATUS_HEAP_CORRUPTION'
c:\program files\windows kits\10\include\10.0.17763.0\shared\ntstatus.h(8851): warning C4005: 'STATUS_STACK_BUFFER_OVERRUN': macro redefinition
  c:\program files\windows kits\10\include\10.0.17763.0\um\winnt.h(2504): note: see previous definition of 'STATUS_STACK_BUFFER_OVERRUN'
c:\program files\windows kits\10\include\10.0.17763.0\shared\ntstatus.h(8978): warning C4005: 'STATUS_INVALID_CRUNTIME_PARAMETER': macro redefinition
  c:\program files\windows kits\10\include\10.0.17763.0\um\winnt.h(2505): note: see previous definition of 'STATUS_INVALID_CRUNTIME_PARAMETER'
c:\program files\windows kits\10\include\10.0.17763.0\shared\ntstatus.h(9041): warning C4005: 'STATUS_ASSERTION_FAILURE': macro redefinition
  c:\program files\windows kits\10\include\10.0.17763.0\um\winnt.h(2506): note: see previous definition of 'STATUS_ASSERTION_FAILURE'
c:\program files\windows kits\10\include\10.0.17763.0\shared\ntstatus.h(9959): warning C4005: 'STATUS_ENCLAVE_VIOLATION': macro redefinition
  c:\program files\windows kits\10\include\10.0.17763.0\um\winnt.h(2507): note: see previous definition of 'STATUS_ENCLAVE_VIOLATION'
c:\program files\windows kits\10\include\10.0.17763.0\shared\ntstatus.h(14123): warning C4005: 'STATUS_SXS_EARLY_DEACTIVATION': macro redefinition
  c:\program files\windows kits\10\include\10.0.17763.0\um\winnt.h(2509): note: see previous definition of 'STATUS_SXS_EARLY_DEACTIVATION'
c:\program files\windows kits\10\include\10.0.17763.0\shared\ntstatus.h(14132): warning C4005: 'STATUS_SXS_INVALID_DEACTIVATION': macro redefinition
  c:\program files\windows kits\10\include\10.0.17763.0\um\winnt.h(2510): note: see previous definition of 'STATUS_SXS_INVALID_DEACTIVATION'
c:\pin-3.19\source\tools\mypintool\mypintool.cpp(151): warning C4244: '=': conversion from 'W::SIZE_T' to 'W::USHORT', possible loss of data
c:\pin-3.19\source\tools\mypintool\mypintool.cpp(156): warning C4244: '=': conversion from 'W::SIZE_T' to 'W::USHORT', possible loss of data
c:\pin-3.19\source\tools\mypintool\mypintool.cpp(168): warning C4244: '=': conversion from 'W::SIZE_T' to 'W::USHORT', possible loss of data
c:\pin-3.19\source\tools\mypintool\mypintool.cpp(236): warning C4477: 'printf' : format string '%d' requires an argument of type 'int', but variadic argument 1 has type 'W::PVOID'
c:\pin-3.19\source\tools\mypintool\mypintool.cpp(207): warning C4101: 'cont': unreferenced local variable
c:\pin-3.19\source\tools\mypintool\mypintool.cpp(586): warning C4101: 'memInfo': unreferenced local variable
c:\pin-3.19\source\tools\mypintool\mypintool.cpp(138): warning C4700: uninitialized local variable 'ustring' used
     Creating library C:\pin-3.19\source\tools\MyPinTool\Debug\MyPinTool.lib and object C:\pin-3.19\source\tools\MyPinTool\Debug\MyPinTool.exp
crtbeginS.obj : warning LNK4210: .CRT section exists; there may be unhandled static initializers or terminators
MyPinTool.obj : warning LNK4210: .CRT section exists; there may be unhandled static initializers or terminators
pin.lib(ms_dllcrt.obj) : warning LNK4210: .CRT section exists; there may be unhandled static initializers or terminators
pin.lib(message.obj) : warning LNK4210: .CRT section exists; there may be unhandled static initializers or terminators
pin.lib(util.obj) : warning LNK4210: .CRT section exists; there may be unhandled static initializers or terminators
pin.lib(knob.obj) : warning LNK4210: .CRT section exists; there may be unhandled static initializers or terminators
pin.lib(operand_ia32.obj) : warning LNK4210: .CRT section exists; there may be unhandled static initializers or terminators
pin.lib(pin_client.obj) : warning LNK4210: .CRT section exists; there may be unhandled static initializers or terminators
pin.lib(image.obj) : warning LNK4210: .CRT section exists; there may be unhandled static initializers or terminators
pin.lib(symbol_win.obj) : warning LNK4210: .CRT section exists; there may be unhandled static initializers or terminators
pin.lib(util_windows.obj) : warning LNK4210: .CRT section exists; there may be unhandled static initializers or terminators
pin.lib(version.obj) : warning LNK4210: .CRT section exists; there may be unhandled static initializers or terminators
pin.lib(sysfuncs_windows.obj) : warning LNK4210: .CRT section exists; there may be unhandled static initializers or terminators
pin.lib(stat.obj) : warning LNK4210: .CRT section exists; there may be unhandled static initializers or terminators
pin.lib(reg_ia32.obj) : warning LNK4210: .CRT section exists; there may be unhandled static initializers or terminators
pin.lib(ins_ia32.obj) : warning LNK4210: .CRT section exists; there may be unhandled static initializers or terminators
pin.lib(ins_api_xed_ia32.obj) : warning LNK4210: .CRT section exists; there may be unhandled static initializers or terminators
pin.lib(ins_xed_ia32.obj) : warning LNK4210: .CRT section exists; there may be unhandled static initializers or terminators
pin.lib(bigarray.obj) : warning LNK4210: .CRT section exists; there may be unhandled static initializers or terminators
pin.lib(parser.obj) : warning LNK4210: .CRT section exists; there may be unhandled static initializers or terminators
pin.lib(base_ia32.obj) : warning LNK4210: .CRT section exists; there may be unhandled static initializers or terminators
pin.lib(exception.obj) : warning LNK4210: .CRT section exists; there may be unhandled static initializers or terminators
pin.lib(stripe.obj) : warning LNK4210: .CRT section exists; there may be unhandled static initializers or terminators
pin.lib(ext.obj) : warning LNK4210: .CRT section exists; there may be unhandled static initializers or terminators
pin.lib(bbl.obj) : warning LNK4210: .CRT section exists; there may be unhandled static initializers or terminators
pin.lib(ins.obj) : warning LNK4210: .CRT section exists; there may be unhandled static initializers or terminators
pin.lib(calling_standard_ia32.obj) : warning LNK4210: .CRT section exists; there may be unhandled static initializers or terminators
pin.lib(vmtool.obj) : warning LNK4210: .CRT section exists; there may be unhandled static initializers or terminators
pin.lib(thread_client.obj) : warning LNK4210: .CRT section exists; there may be unhandled static initializers or terminators
pin.lib(debugger_client.obj) : warning LNK4210: .CRT section exists; there may be unhandled static initializers or terminators
pin.lib(opin_client.obj) : warning LNK4210: .CRT section exists; there may be unhandled static initializers or terminators
pin.lib(tls_client.obj) : warning LNK4210: .CRT section exists; there may be unhandled static initializers or terminators
pin.lib(child_process_client.obj) : warning LNK4210: .CRT section exists; there may be unhandled static initializers or terminators
pin.lib(internal_exception_client.obj) : warning LNK4210: .CRT section exists; there may be unhandled static initializers or terminators
pin.lib(pin_jit.obj) : warning LNK4210: .CRT section exists; there may be unhandled static initializers or terminators
pin.lib(image_win.obj) : warning LNK4210: .CRT section exists; there may be unhandled static initializers or terminators
pin.lib(aoti.obj) : warning LNK4210: .CRT section exists; there may be unhandled static initializers or terminators
pin.lib(complexlock.obj) : warning LNK4210: .CRT section exists; there may be unhandled static initializers or terminators
pin.lib(rtn.obj) : warning LNK4210: .CRT section exists; there may be unhandled static initializers or terminators
pin.lib(app.obj) : warning LNK4210: .CRT section exists; there may be unhandled static initializers or terminators
pin.lib(sec.obj) : warning LNK4210: .CRT section exists; there may be unhandled static initializers or terminators
pin.lib(img.obj) : warning LNK4210: .CRT section exists; there may be unhandled static initializers or terminators
pin.lib(sym.obj) : warning LNK4210: .CRT section exists; there may be unhandled static initializers or terminators
pin.lib(symbol_elf.obj) : warning LNK4210: .CRT section exists; there may be unhandled static initializers or terminators
pin.lib(edg.obj) : warning LNK4210: .CRT section exists; there may be unhandled static initializers or terminators
pin.lib(sm_dbginfo.obj) : warning LNK4210: .CRT section exists; there may be unhandled static initializers or terminators
pin.lib(sm_ipc.obj) : warning LNK4210: .CRT section exists; there may be unhandled static initializers or terminators
pin.lib(sm_client.obj) : warning LNK4210: .CRT section exists; there may be unhandled static initializers or terminators
pin.lib(util_unicode_windows.obj) : warning LNK4210: .CRT section exists; there may be unhandled static initializers or terminators
pin.lib(cpu_info_ia32.obj) : warning LNK4210: .CRT section exists; there may be unhandled static initializers or terminators
pin.lib(val.obj) : warning LNK4210: .CRT section exists; there may be unhandled static initializers or terminators
pin.lib(chunk.obj) : warning LNK4210: .CRT section exists; there may be unhandled static initializers or terminators
pin.lib(rel.obj) : warning LNK4210: .CRT section exists; there may be unhandled static initializers or terminators
pin.lib(ins_inits_api_xed_ia32.obj) : warning LNK4210: .CRT section exists; there may be unhandled static initializers or terminators
pin.lib(reg_partial_ia32.obj) : warning LNK4210: .CRT section exists; there may be unhandled static initializers or terminators
pin.lib(comment.obj) : warning LNK4210: .CRT section exists; there may be unhandled static initializers or terminators
pin.lib(ins_syscall_ia32_windows.obj) : warning LNK4210: .CRT section exists; there may be unhandled static initializers or terminators
pin.lib(flags_ia32.obj) : warning LNK4210: .CRT section exists; there may be unhandled static initializers or terminators
pin.lib(tool_mmap.obj) : warning LNK4210: .CRT section exists; there may be unhandled static initializers or terminators
pin.lib(cfg.obj) : warning LNK4210: .CRT section exists; there may be unhandled static initializers or terminators
pin.lib(ins_map_ia32.obj) : warning LNK4210: .CRT section exists; there may be unhandled static initializers or terminators
pin.lib(regset_ia32.obj) : warning LNK4210: .CRT section exists; there may be unhandled static initializers or terminators
pin.lib(child_process.obj) : warning LNK4210: .CRT section exists; there may be unhandled static initializers or terminators
pin.lib(elf_parser.obj) : warning LNK4210: .CRT section exists; there may be unhandled static initializers or terminators
pin.lib(follow_child_win_probe.obj) : warning LNK4210: .CRT section exists; there may be unhandled static initializers or terminators
pin.lib(dll_load_win_probe.obj) : warning LNK4210: .CRT section exists; there may be unhandled static initializers or terminators
pin.lib(modules_win.obj) : warning LNK4210: .CRT section exists; there may be unhandled static initializers or terminators
pin.lib(elf_windows.obj) : warning LNK4210: .CRT section exists; there may be unhandled static initializers or terminators
pin.lib(reg.obj) : warning LNK4210: .CRT section exists; there may be unhandled static initializers or terminators
pin.lib(ins_reuse_ia32.obj) : warning LNK4210: .CRT section exists; there may be unhandled static initializers or terminators
pin.lib(cfg_ia32.obj) : warning LNK4210: .CRT section exists; there may be unhandled static initializers or terminators
crtbeginS.obj : warning LNK4210: .CRT section exists; there may be unhandled static initializers or terminators
  MyPinTool.vcxproj -> C:\pin-3.19\source\tools\MyPinTool\Debug\MyPinTool.dll
